  [1m[36m (1.2ms)[0m  [1mCREATE TABLE "schema_migrations" ("version" varchar NOT NULL) [0m
  [1m[35m (0.0ms)[0m  select sqlite_version(*)
  [1m[36m (1.0ms)[0m  [1mCREATE UNIQUE INDEX "unique_schema_migrations" ON "schema_migrations" ("version")[0m
  [1m[35mActiveRecord::SchemaMigration Load (0.1ms)[0m  SELECT "schema_migrations".* FROM "schema_migrations"
  [1m[36mActiveRecord::SchemaMigration Load (0.1ms)[0m  [1mSELECT "schema_migrations".* FROM "schema_migrations"[0m
Migrating to CreatePosts (20151230232412)
  [1m[35m (0.1ms)[0m  begin transaction
  [1m[36m (0.4ms)[0m  [1mCREATE TABLE "posts" ("id" INTEGER PRIMARY KEY AUTOINCREMENT NOT NULL, "title" varchar, "description" text, "created_at" datetime NOT NULL, "updated_at" datetime NOT NULL) [0m
  [1m[35mSQL (0.2ms)[0m  INSERT INTO "schema_migrations" ("version") VALUES (?)  [["version", "20151230232412"]]
  [1m[36m (1.3ms)[0m  [1mcommit transaction[0m
  [1m[35mActiveRecord::SchemaMigration Load (0.1ms)[0m  SELECT "schema_migrations".* FROM "schema_migrations"
  [1m[36mPost Load (2.0ms)[0m  [1mSELECT "posts".* FROM "posts"[0m


Started GET "/posts" for ::1 at 2018-09-01 16:30:23 -0400
  [1m[36mActiveRecord::SchemaMigration Load (0.1ms)[0m  [1mSELECT "schema_migrations".* FROM "schema_migrations"[0m
Processing by PostsController#index as HTML
  Rendered posts/index.html.erb within layouts/application (0.6ms)
Completed 500 Internal Server Error in 30ms (ActiveRecord: 0.0ms)

SyntaxError (/Users/ginalee/learn-co/Labs/rails-url-helpers-readme-dumbo-web-080618/app/views/posts/index.html.erb:3: syntax error, unexpected '<', expecting ')'
  <!-- <div> '.freeze;@output_bu...
   ^
/Users/ginalee/learn-co/Labs/rails-url-helpers-readme-dumbo-web-080618/app/views/posts/index.html.erb:3: syntax error, unexpected '<'
  <!-- <div> '.freeze;@output_buffer....
        ^
/Users/ginalee/learn-co/Labs/rails-url-helpers-readme-dumbo-web-080618/app/views/posts/index.html.erb:4: unknown regexp options - dv
/Users/ginalee/learn-co/Labs/rails-url-helpers-readme-dumbo-web-080618/app/views/posts/index.html.erb:4: syntax error, unexpected '\n', expecting keyword_do_LAMBDA or tLAMBEG
/Users/ginalee/learn-co/Labs/rails-url-helpers-readme-dumbo-web-080618/app/views/posts/index.html.erb:5: unterminated regexp meets end of file
/Users/ginalee/learn-co/Labs/rails-url-helpers-readme-dumbo-web-080618/app/views/posts/index.html.erb:5: syntax error, unexpected end-of-input, expecting ')'):
  app/views/posts/index.html.erb:3: syntax error, unexpected '<', expecting ')'
  app/views/posts/index.html.erb:3: syntax error, unexpected '<'
  app/views/posts/index.html.erb:4: unknown regexp options - dv
  app/views/posts/index.html.erb:4: syntax error, unexpected '\n', expecting keyword_do_LAMBDA or tLAMBEG
  app/views/posts/index.html.erb:5: unterminated regexp meets end of file
  app/views/posts/index.html.erb:5: syntax error, unexpected end-of-input, expecting ')'
  app/controllers/posts_controller.rb:4:in `index'


  Rendered /Users/ginalee/.rvm/gems/ruby-2.3.3/gems/actionpack-4.2.10/lib/action_dispatch/middleware/templates/rescues/_source.erb (6.2ms)
  Rendered /Users/ginalee/.rvm/gems/ruby-2.3.3/gems/actionpack-4.2.10/lib/action_dispatch/middleware/templates/rescues/_trace.html.erb (2.3ms)
  Rendered /Users/ginalee/.rvm/gems/ruby-2.3.3/gems/actionpack-4.2.10/lib/action_dispatch/middleware/templates/rescues/_request_and_response.html.erb (4.2ms)
  Rendered /Users/ginalee/.rvm/gems/ruby-2.3.3/gems/actionpack-4.2.10/lib/action_dispatch/middleware/templates/rescues/diagnostics.html.erb within rescues/layout (100.3ms)
  [1m[36mActiveRecord::SchemaMigration Load (0.1ms)[0m  [1mSELECT "schema_migrations".* FROM "schema_migrations"[0m
  [1m[35mActiveRecord::SchemaMigration Load (0.1ms)[0m  SELECT "schema_migrations".* FROM "schema_migrations"
  [1m[36mActiveRecord::SchemaMigration Load (0.1ms)[0m  [1mSELECT "schema_migrations".* FROM "schema_migrations"[0m


Started GET "/posts" for ::1 at 2018-09-01 16:31:16 -0400
  [1m[36mActiveRecord::SchemaMigration Load (0.1ms)[0m  [1mSELECT "schema_migrations".* FROM "schema_migrations"[0m
Processing by PostsController#index as HTML
  Rendered posts/index.html.erb within layouts/application (1.0ms)
Completed 500 Internal Server Error in 35ms (ActiveRecord: 0.0ms)

SyntaxError (/Users/ginalee/learn-co/Labs/rails-url-helpers-readme-dumbo-web-080618/app/views/posts/index.html.erb:3: syntax error, unexpected '<', expecting ')'
  <!-- <div> '.freeze;@output_bu...
   ^
/Users/ginalee/learn-co/Labs/rails-url-helpers-readme-dumbo-web-080618/app/views/posts/index.html.erb:3: syntax error, unexpected '<'
  <!-- <div> '.freeze;@output_buffer....
        ^
/Users/ginalee/learn-co/Labs/rails-url-helpers-readme-dumbo-web-080618/app/views/posts/index.html.erb:4: unknown regexp options - dv
/Users/ginalee/learn-co/Labs/rails-url-helpers-readme-dumbo-web-080618/app/views/posts/index.html.erb:4: syntax error, unexpected '\n', expecting keyword_do_LAMBDA or tLAMBEG
/Users/ginalee/learn-co/Labs/rails-url-helpers-readme-dumbo-web-080618/app/views/posts/index.html.erb:5: unterminated regexp meets end of file
/Users/ginalee/learn-co/Labs/rails-url-helpers-readme-dumbo-web-080618/app/views/posts/index.html.erb:5: syntax error, unexpected end-of-input, expecting ')'):
  app/views/posts/index.html.erb:3: syntax error, unexpected '<', expecting ')'
  app/views/posts/index.html.erb:3: syntax error, unexpected '<'
  app/views/posts/index.html.erb:4: unknown regexp options - dv
  app/views/posts/index.html.erb:4: syntax error, unexpected '\n', expecting keyword_do_LAMBDA or tLAMBEG
  app/views/posts/index.html.erb:5: unterminated regexp meets end of file
  app/views/posts/index.html.erb:5: syntax error, unexpected end-of-input, expecting ')'
  app/controllers/posts_controller.rb:4:in `index'


  Rendered /Users/ginalee/.rvm/gems/ruby-2.3.3/gems/actionpack-4.2.10/lib/action_dispatch/middleware/templates/rescues/_source.erb (7.1ms)
  Rendered /Users/ginalee/.rvm/gems/ruby-2.3.3/gems/actionpack-4.2.10/lib/action_dispatch/middleware/templates/rescues/_trace.html.erb (2.8ms)
  Rendered /Users/ginalee/.rvm/gems/ruby-2.3.3/gems/actionpack-4.2.10/lib/action_dispatch/middleware/templates/rescues/_request_and_response.html.erb (5.3ms)
  Rendered /Users/ginalee/.rvm/gems/ruby-2.3.3/gems/actionpack-4.2.10/lib/action_dispatch/middleware/templates/rescues/diagnostics.html.erb within rescues/layout (126.7ms)


Started GET "/posts" for ::1 at 2018-09-01 16:32:10 -0400
Processing by PostsController#index as HTML
  [1m[35mPost Load (0.1ms)[0m  SELECT "posts".* FROM "posts"
  Rendered posts/index.html.erb within layouts/application (1.3ms)
Completed 200 OK in 530ms (Views: 529.5ms | ActiveRecord: 0.3ms)
  [1m[36mActiveRecord::SchemaMigration Load (0.1ms)[0m  [1mSELECT "schema_migrations".* FROM "schema_migrations"[0m
  [1m[35mActiveRecord::SchemaMigration Load (0.1ms)[0m  SELECT "schema_migrations".* FROM "schema_migrations"
Migrating to CreatePosts (20151230232412)
  [1m[36m (0.1ms)[0m  [1mbegin transaction[0m
  [1m[35m (0.9ms)[0m  DROP TABLE "posts"
  [1m[36mSQL (0.3ms)[0m  [1mDELETE FROM "schema_migrations" WHERE "schema_migrations"."version" = ?[0m  [["version", "20151230232412"]]
  [1m[35m (0.8ms)[0m  commit transaction
  [1m[36mActiveRecord::SchemaMigration Load (0.1ms)[0m  [1mSELECT "schema_migrations".* FROM "schema_migrations"[0m
  [1m[36mActiveRecord::SchemaMigration Load (0.1ms)[0m  [1mSELECT "schema_migrations".* FROM "schema_migrations"[0m
Migrating to CreatePosts (20151230232412)
  [1m[35m (0.1ms)[0m  begin transaction
  [1m[36m (0.7ms)[0m  [1mCREATE TABLE "posts" ("id" INTEGER PRIMARY KEY AUTOINCREMENT NOT NULL, "title" varchar, "description" text, "created_at" datetime NOT NULL, "updated_at" datetime NOT NULL) [0m
  [1m[35mSQL (0.3ms)[0m  INSERT INTO "schema_migrations" ("version") VALUES (?)  [["version", "20151230232412"]]
  [1m[36m (0.7ms)[0m  [1mcommit transaction[0m
  [1m[35mActiveRecord::SchemaMigration Load (0.1ms)[0m  SELECT "schema_migrations".* FROM "schema_migrations"
  [1m[36mActiveRecord::SchemaMigration Load (0.1ms)[0m  [1mSELECT "schema_migrations".* FROM "schema_migrations"[0m


Started GET "/posts" for ::1 at 2018-09-01 16:33:32 -0400
  [1m[36mActiveRecord::SchemaMigration Load (0.1ms)[0m  [1mSELECT "schema_migrations".* FROM "schema_migrations"[0m
Processing by PostsController#index as HTML
  [1m[35mPost Load (0.1ms)[0m  SELECT "posts".* FROM "posts"
  Rendered posts/index.html.erb within layouts/application (2.8ms)
Completed 200 OK in 277ms (Views: 263.7ms | ActiveRecord: 0.3ms)
  [1m[36mActiveRecord::SchemaMigration Load (0.1ms)[0m  [1mSELECT "schema_migrations".* FROM "schema_migrations"[0m
  [1m[35m (0.0ms)[0m  begin transaction
  [1m[36mSQL (0.5ms)[0m  [1mINSERT INTO "posts" ("title", "description", "created_at", "updated_at") VALUES (?, ?, ?, ?)[0m  [["title", "My Title"], ["description", "My post description"], ["created_at", "2018-09-01 20:34:00.586608"], ["updated_at", "2018-09-01 20:34:00.586608"]]
  [1m[35m (1.0ms)[0m  commit transaction


Started GET "/posts" for ::1 at 2018-09-01 16:34:06 -0400
  [1m[36mActiveRecord::SchemaMigration Load (0.1ms)[0m  [1mSELECT "schema_migrations".* FROM "schema_migrations"[0m
Processing by PostsController#index as HTML
  [1m[35mPost Load (0.2ms)[0m  SELECT "posts".* FROM "posts"
  Rendered posts/index.html.erb within layouts/application (6.5ms)
Completed 200 OK in 249ms (Views: 236.9ms | ActiveRecord: 0.6ms)
